{"/home/eckesm/Coding/express-biztime/app.js": {"path":"/home/eckesm/Coding/express-biztime/app.js","statementMap":{"0":{"start":{"line":3,"column":16},"end":{"line":3,"column":34}},"1":{"start":{"line":4,"column":12},"end":{"line":4,"column":21}},"2":{"start":{"line":5,"column":21},"end":{"line":5,"column":46}},"3":{"start":{"line":8,"column":0},"end":{"line":8,"column":24}},"4":{"start":{"line":11,"column":24},"end":{"line":11,"column":53}},"5":{"start":{"line":12,"column":23},"end":{"line":12,"column":51}},"6":{"start":{"line":13,"column":0},"end":{"line":13,"column":39}},"7":{"start":{"line":14,"column":0},"end":{"line":14,"column":37}},"8":{"start":{"line":17,"column":0},"end":{"line":20,"column":3}},"9":{"start":{"line":18,"column":13},"end":{"line":18,"column":47}},"10":{"start":{"line":19,"column":1},"end":{"line":19,"column":18}},"11":{"start":{"line":23,"column":0},"end":{"line":41,"column":3}},"12":{"start":{"line":32,"column":14},"end":{"line":32,"column":31}},"13":{"start":{"line":35,"column":1},"end":{"line":40,"column":4}},"14":{"start":{"line":43,"column":0},"end":{"line":43,"column":21}}},"fnMap":{"0":{"name":"(anonymous_0)","decl":{"start":{"line":17,"column":8},"end":{"line":17,"column":9}},"loc":{"start":{"line":17,"column":33},"end":{"line":20,"column":1}},"line":17},"1":{"name":"(anonymous_1)","decl":{"start":{"line":23,"column":8},"end":{"line":23,"column":9}},"loc":{"start":{"line":23,"column":33},"end":{"line":41,"column":1}},"line":23}},"branchMap":{"0":{"loc":{"start":{"line":32,"column":14},"end":{"line":32,"column":31}},"type":"binary-expr","locations":[{"start":{"line":32,"column":14},"end":{"line":32,"column":24}},{"start":{"line":32,"column":28},"end":{"line":32,"column":31}}],"line":32}},"s":{"0":2,"1":2,"2":2,"3":2,"4":2,"5":2,"6":2,"7":2,"8":2,"9":0,"10":0,"11":2,"12":4,"13":4,"14":2},"f":{"0":0,"1":4},"b":{"0":[4,0]},"_coverageSchema":"1a1c01bbd47fc00a2c39e90264f33305004495a9","hash":"19a2e33c767180a9ddb5bb5704608ff80b0c71e7"}
,"/home/eckesm/Coding/express-biztime/db.js": {"path":"/home/eckesm/Coding/express-biztime/db.js","statementMap":{"0":{"start":{"line":3,"column":19},"end":{"line":3,"column":32}},"1":{"start":{"line":7,"column":0},"end":{"line":12,"column":1}},"2":{"start":{"line":8,"column":1},"end":{"line":8,"column":37}},"3":{"start":{"line":11,"column":1},"end":{"line":11,"column":32}},"4":{"start":{"line":14,"column":9},"end":{"line":16,"column":2}},"5":{"start":{"line":18,"column":0},"end":{"line":18,"column":13}},"6":{"start":{"line":20,"column":0},"end":{"line":20,"column":20}}},"fnMap":{},"branchMap":{"0":{"loc":{"start":{"line":7,"column":0},"end":{"line":12,"column":1}},"type":"if","locations":[{"start":{"line":7,"column":0},"end":{"line":12,"column":1}},{"start":{"line":7,"column":0},"end":{"line":12,"column":1}}],"line":7}},"s":{"0":2,"1":2,"2":2,"3":0,"4":2,"5":2,"6":2},"f":{},"b":{"0":[2,0]},"_coverageSchema":"1a1c01bbd47fc00a2c39e90264f33305004495a9","hash":"53da2eaf8b2b2369f00014863a620f9a18ee97b1"}
,"/home/eckesm/Coding/express-biztime/expressError.js": {"path":"/home/eckesm/Coding/express-biztime/expressError.js","statementMap":{"0":{"start":{"line":9,"column":4},"end":{"line":9,"column":12}},"1":{"start":{"line":10,"column":4},"end":{"line":10,"column":27}},"2":{"start":{"line":11,"column":4},"end":{"line":11,"column":25}},"3":{"start":{"line":12,"column":4},"end":{"line":12,"column":30}},"4":{"start":{"line":17,"column":0},"end":{"line":17,"column":30}}},"fnMap":{"0":{"name":"(anonymous_0)","decl":{"start":{"line":8,"column":2},"end":{"line":8,"column":3}},"loc":{"start":{"line":8,"column":31},"end":{"line":13,"column":3}},"line":8}},"branchMap":{},"s":{"0":4,"1":4,"2":4,"3":4,"4":2},"f":{"0":4},"b":{},"_coverageSchema":"1a1c01bbd47fc00a2c39e90264f33305004495a9","hash":"f0fe53943bebd270d648cdf59b144b8bd8353451"}
,"/home/eckesm/Coding/express-biztime/routes/companies.js": {"path":"/home/eckesm/Coding/express-biztime/routes/companies.js","statementMap":{"0":{"start":{"line":1,"column":16},"end":{"line":1,"column":34}},"1":{"start":{"line":2,"column":15},"end":{"line":2,"column":31}},"2":{"start":{"line":3,"column":11},"end":{"line":3,"column":27}},"3":{"start":{"line":4,"column":21},"end":{"line":4,"column":47}},"4":{"start":{"line":6,"column":0},"end":{"line":13,"column":3}},"5":{"start":{"line":7,"column":1},"end":{"line":12,"column":2}},"6":{"start":{"line":8,"column":18},"end":{"line":8,"column":59}},"7":{"start":{"line":9,"column":2},"end":{"line":9,"column":47}},"8":{"start":{"line":11,"column":2},"end":{"line":11,"column":17}},"9":{"start":{"line":15,"column":0},"end":{"line":26,"column":3}},"10":{"start":{"line":16,"column":1},"end":{"line":25,"column":2}},"11":{"start":{"line":17,"column":19},"end":{"line":17,"column":29}},"12":{"start":{"line":18,"column":18},"end":{"line":18,"column":83}},"13":{"start":{"line":19,"column":2},"end":{"line":21,"column":3}},"14":{"start":{"line":20,"column":3},"end":{"line":20,"column":76}},"15":{"start":{"line":22,"column":2},"end":{"line":22,"column":48}},"16":{"start":{"line":24,"column":2},"end":{"line":24,"column":17}},"17":{"start":{"line":28,"column":0},"end":{"line":39,"column":3}},"18":{"start":{"line":29,"column":1},"end":{"line":38,"column":2}},"19":{"start":{"line":30,"column":38},"end":{"line":30,"column":46}},"20":{"start":{"line":31,"column":18},"end":{"line":34,"column":3}},"21":{"start":{"line":35,"column":2},"end":{"line":35,"column":60}},"22":{"start":{"line":37,"column":2},"end":{"line":37,"column":17}},"23":{"start":{"line":41,"column":0},"end":{"line":57,"column":3}},"24":{"start":{"line":42,"column":1},"end":{"line":56,"column":2}},"25":{"start":{"line":43,"column":19},"end":{"line":43,"column":29}},"26":{"start":{"line":44,"column":32},"end":{"line":44,"column":40}},"27":{"start":{"line":45,"column":18},"end":{"line":49,"column":4}},"28":{"start":{"line":50,"column":2},"end":{"line":52,"column":3}},"29":{"start":{"line":51,"column":3},"end":{"line":51,"column":76}},"30":{"start":{"line":53,"column":2},"end":{"line":53,"column":48}},"31":{"start":{"line":55,"column":2},"end":{"line":55,"column":17}},"32":{"start":{"line":59,"column":0},"end":{"line":70,"column":3}},"33":{"start":{"line":60,"column":1},"end":{"line":69,"column":2}},"34":{"start":{"line":61,"column":19},"end":{"line":61,"column":29}},"35":{"start":{"line":62,"column":18},"end":{"line":62,"column":81}},"36":{"start":{"line":66,"column":2},"end":{"line":66,"column":41}},"37":{"start":{"line":68,"column":2},"end":{"line":68,"column":17}},"38":{"start":{"line":81,"column":0},"end":{"line":81,"column":24}}},"fnMap":{"0":{"name":"(anonymous_0)","decl":{"start":{"line":6,"column":16},"end":{"line":6,"column":17}},"loc":{"start":{"line":6,"column":42},"end":{"line":13,"column":1}},"line":6},"1":{"name":"(anonymous_1)","decl":{"start":{"line":15,"column":21},"end":{"line":15,"column":22}},"loc":{"start":{"line":15,"column":47},"end":{"line":26,"column":1}},"line":15},"2":{"name":"(anonymous_2)","decl":{"start":{"line":28,"column":17},"end":{"line":28,"column":18}},"loc":{"start":{"line":28,"column":43},"end":{"line":39,"column":1}},"line":28},"3":{"name":"(anonymous_3)","decl":{"start":{"line":41,"column":21},"end":{"line":41,"column":22}},"loc":{"start":{"line":41,"column":47},"end":{"line":57,"column":1}},"line":41},"4":{"name":"(anonymous_4)","decl":{"start":{"line":59,"column":24},"end":{"line":59,"column":25}},"loc":{"start":{"line":59,"column":50},"end":{"line":70,"column":1}},"line":59}},"branchMap":{"0":{"loc":{"start":{"line":19,"column":2},"end":{"line":21,"column":3}},"type":"if","locations":[{"start":{"line":19,"column":2},"end":{"line":21,"column":3}},{"start":{"line":19,"column":2},"end":{"line":21,"column":3}}],"line":19},"1":{"loc":{"start":{"line":50,"column":2},"end":{"line":52,"column":3}},"type":"if","locations":[{"start":{"line":50,"column":2},"end":{"line":52,"column":3}},{"start":{"line":50,"column":2},"end":{"line":52,"column":3}}],"line":50}},"s":{"0":2,"1":2,"2":2,"3":2,"4":2,"5":1,"6":1,"7":1,"8":0,"9":2,"10":2,"11":2,"12":2,"13":2,"14":1,"15":1,"16":1,"17":2,"18":1,"19":1,"20":1,"21":1,"22":0,"23":2,"24":2,"25":2,"26":2,"27":2,"28":2,"29":1,"30":1,"31":1,"32":2,"33":1,"34":1,"35":1,"36":1,"37":0,"38":2},"f":{"0":1,"1":2,"2":1,"3":2,"4":1},"b":{"0":[1,1],"1":[1,1]},"_coverageSchema":"1a1c01bbd47fc00a2c39e90264f33305004495a9","hash":"4dd599cbdd245ee050e9f1316690ebc255f07daa"}
,"/home/eckesm/Coding/express-biztime/routes/invoices.js": {"path":"/home/eckesm/Coding/express-biztime/routes/invoices.js","statementMap":{"0":{"start":{"line":1,"column":16},"end":{"line":1,"column":34}},"1":{"start":{"line":2,"column":15},"end":{"line":2,"column":31}},"2":{"start":{"line":3,"column":11},"end":{"line":3,"column":27}},"3":{"start":{"line":4,"column":21},"end":{"line":4,"column":47}},"4":{"start":{"line":6,"column":0},"end":{"line":13,"column":3}},"5":{"start":{"line":7,"column":1},"end":{"line":12,"column":2}},"6":{"start":{"line":8,"column":18},"end":{"line":8,"column":70}},"7":{"start":{"line":9,"column":2},"end":{"line":9,"column":46}},"8":{"start":{"line":11,"column":2},"end":{"line":11,"column":17}},"9":{"start":{"line":15,"column":0},"end":{"line":40,"column":3}},"10":{"start":{"line":16,"column":1},"end":{"line":39,"column":2}},"11":{"start":{"line":17,"column":17},"end":{"line":17,"column":27}},"12":{"start":{"line":18,"column":25},"end":{"line":18,"column":85}},"13":{"start":{"line":19,"column":2},"end":{"line":21,"column":3}},"14":{"start":{"line":20,"column":3},"end":{"line":20,"column":72}},"15":{"start":{"line":22,"column":15},"end":{"line":22,"column":47}},"16":{"start":{"line":23,"column":25},"end":{"line":23,"column":90}},"17":{"start":{"line":24,"column":2},"end":{"line":26,"column":3}},"18":{"start":{"line":25,"column":3},"end":{"line":25,"column":76}},"19":{"start":{"line":27,"column":2},"end":{"line":36,"column":5}},"20":{"start":{"line":38,"column":2},"end":{"line":38,"column":17}},"21":{"start":{"line":42,"column":0},"end":{"line":53,"column":3}},"22":{"start":{"line":43,"column":1},"end":{"line":52,"column":2}},"23":{"start":{"line":44,"column":29},"end":{"line":44,"column":37}},"24":{"start":{"line":45,"column":18},"end":{"line":48,"column":4}},"25":{"start":{"line":49,"column":2},"end":{"line":49,"column":60}},"26":{"start":{"line":51,"column":2},"end":{"line":51,"column":17}},"27":{"start":{"line":55,"column":0},"end":{"line":67,"column":3}},"28":{"start":{"line":56,"column":1},"end":{"line":66,"column":2}},"29":{"start":{"line":57,"column":17},"end":{"line":57,"column":27}},"30":{"start":{"line":58,"column":18},"end":{"line":58,"column":26}},"31":{"start":{"line":59,"column":18},"end":{"line":59,"column":99}},"32":{"start":{"line":60,"column":2},"end":{"line":62,"column":3}},"33":{"start":{"line":61,"column":3},"end":{"line":61,"column":72}},"34":{"start":{"line":63,"column":2},"end":{"line":63,"column":48}},"35":{"start":{"line":65,"column":2},"end":{"line":65,"column":17}},"36":{"start":{"line":69,"column":0},"end":{"line":77,"column":3}},"37":{"start":{"line":70,"column":1},"end":{"line":76,"column":2}},"38":{"start":{"line":71,"column":17},"end":{"line":71,"column":27}},"39":{"start":{"line":72,"column":18},"end":{"line":72,"column":76}},"40":{"start":{"line":73,"column":2},"end":{"line":73,"column":41}},"41":{"start":{"line":75,"column":2},"end":{"line":75,"column":17}},"42":{"start":{"line":79,"column":0},"end":{"line":100,"column":3}},"43":{"start":{"line":80,"column":1},"end":{"line":99,"column":2}},"44":{"start":{"line":81,"column":19},"end":{"line":81,"column":29}},"45":{"start":{"line":82,"column":25},"end":{"line":82,"column":90}},"46":{"start":{"line":83,"column":2},"end":{"line":85,"column":3}},"47":{"start":{"line":84,"column":3},"end":{"line":84,"column":76}},"48":{"start":{"line":86,"column":20},"end":{"line":86,"column":47}},"49":{"start":{"line":87,"column":25},"end":{"line":87,"column":99}},"50":{"start":{"line":91,"column":2},"end":{"line":96,"column":5}},"51":{"start":{"line":98,"column":2},"end":{"line":98,"column":17}},"52":{"start":{"line":102,"column":0},"end":{"line":102,"column":24}}},"fnMap":{"0":{"name":"(anonymous_0)","decl":{"start":{"line":6,"column":16},"end":{"line":6,"column":17}},"loc":{"start":{"line":6,"column":42},"end":{"line":13,"column":1}},"line":6},"1":{"name":"(anonymous_1)","decl":{"start":{"line":15,"column":19},"end":{"line":15,"column":20}},"loc":{"start":{"line":15,"column":45},"end":{"line":40,"column":1}},"line":15},"2":{"name":"(anonymous_2)","decl":{"start":{"line":42,"column":17},"end":{"line":42,"column":18}},"loc":{"start":{"line":42,"column":43},"end":{"line":53,"column":1}},"line":42},"3":{"name":"(anonymous_3)","decl":{"start":{"line":55,"column":19},"end":{"line":55,"column":20}},"loc":{"start":{"line":55,"column":45},"end":{"line":67,"column":1}},"line":55},"4":{"name":"(anonymous_4)","decl":{"start":{"line":69,"column":22},"end":{"line":69,"column":23}},"loc":{"start":{"line":69,"column":48},"end":{"line":77,"column":1}},"line":69},"5":{"name":"(anonymous_5)","decl":{"start":{"line":79,"column":31},"end":{"line":79,"column":32}},"loc":{"start":{"line":79,"column":57},"end":{"line":100,"column":1}},"line":79}},"branchMap":{"0":{"loc":{"start":{"line":19,"column":2},"end":{"line":21,"column":3}},"type":"if","locations":[{"start":{"line":19,"column":2},"end":{"line":21,"column":3}},{"start":{"line":19,"column":2},"end":{"line":21,"column":3}}],"line":19},"1":{"loc":{"start":{"line":24,"column":2},"end":{"line":26,"column":3}},"type":"if","locations":[{"start":{"line":24,"column":2},"end":{"line":26,"column":3}},{"start":{"line":24,"column":2},"end":{"line":26,"column":3}}],"line":24},"2":{"loc":{"start":{"line":60,"column":2},"end":{"line":62,"column":3}},"type":"if","locations":[{"start":{"line":60,"column":2},"end":{"line":62,"column":3}},{"start":{"line":60,"column":2},"end":{"line":62,"column":3}}],"line":60},"3":{"loc":{"start":{"line":83,"column":2},"end":{"line":85,"column":3}},"type":"if","locations":[{"start":{"line":83,"column":2},"end":{"line":85,"column":3}},{"start":{"line":83,"column":2},"end":{"line":85,"column":3}}],"line":83}},"s":{"0":2,"1":2,"2":2,"3":2,"4":2,"5":1,"6":1,"7":1,"8":0,"9":2,"10":2,"11":2,"12":2,"13":2,"14":1,"15":1,"16":1,"17":1,"18":0,"19":1,"20":1,"21":2,"22":1,"23":1,"24":1,"25":1,"26":0,"27":2,"28":2,"29":2,"30":2,"31":2,"32":2,"33":1,"34":1,"35":1,"36":2,"37":1,"38":1,"39":1,"40":1,"41":0,"42":2,"43":0,"44":0,"45":0,"46":0,"47":0,"48":0,"49":0,"50":0,"51":0,"52":2},"f":{"0":1,"1":2,"2":1,"3":2,"4":1,"5":0},"b":{"0":[1,1],"1":[0,1],"2":[1,1],"3":[0,0]},"_coverageSchema":"1a1c01bbd47fc00a2c39e90264f33305004495a9","hash":"624d2e760d29786c90855bf61744e3b5d3e55b73"}
}
